[0.546s] Invoking command in '/home/byunghyun/Downloads/cm1_ws/src/my_cm1_pkg': PYTHONPATH=/home/byunghyun/Downloads/cm1_ws/src/build/my_cm1_pkg/prefix_override:/home/byunghyun/Downloads/cm1_ws/src/install/my_cm1_pkg/lib/python3.10/site-packages:${PYTHONPATH} /usr/bin/python3 -W ignore:setup.py install is deprecated setup.py egg_info --egg-base ../build/my_cm1_pkg build --build-base /home/byunghyun/Downloads/cm1_ws/src/build/my_cm1_pkg/build install --record /home/byunghyun/Downloads/cm1_ws/src/build/my_cm1_pkg/install.log --single-version-externally-managed install_data
[0.719s] running egg_info
[0.729s] writing ../build/my_cm1_pkg/my_cm1_pkg.egg-info/PKG-INFO
[0.729s] writing dependency_links to ../build/my_cm1_pkg/my_cm1_pkg.egg-info/dependency_links.txt
[0.729s] writing entry points to ../build/my_cm1_pkg/my_cm1_pkg.egg-info/entry_points.txt
[0.729s] writing requirements to ../build/my_cm1_pkg/my_cm1_pkg.egg-info/requires.txt
[0.730s] writing top-level names to ../build/my_cm1_pkg/my_cm1_pkg.egg-info/top_level.txt
[0.751s] reading manifest file '../build/my_cm1_pkg/my_cm1_pkg.egg-info/SOURCES.txt'
[0.751s] writing manifest file '../build/my_cm1_pkg/my_cm1_pkg.egg-info/SOURCES.txt'
[0.752s] running build
[0.752s] running build_py
[0.752s] copying my_cm1_pkg/camera_subscriber.py -> /home/byunghyun/Downloads/cm1_ws/src/build/my_cm1_pkg/build/lib/my_cm1_pkg
[0.752s] running install
[0.756s] running install_lib
[0.766s] copying /home/byunghyun/Downloads/cm1_ws/src/build/my_cm1_pkg/build/lib/my_cm1_pkg/camera_subscriber.py -> /home/byunghyun/Downloads/cm1_ws/src/install/my_cm1_pkg/lib/python3.10/site-packages/my_cm1_pkg
[0.767s] byte-compiling /home/byunghyun/Downloads/cm1_ws/src/install/my_cm1_pkg/lib/python3.10/site-packages/my_cm1_pkg/camera_subscriber.py to camera_subscriber.cpython-310.pyc
[0.767s] running install_data
[0.767s] running install_egg_info
[0.778s] removing '/home/byunghyun/Downloads/cm1_ws/src/install/my_cm1_pkg/lib/python3.10/site-packages/my_cm1_pkg-0.0.0-py3.10.egg-info' (and everything under it)
[0.778s] Copying ../build/my_cm1_pkg/my_cm1_pkg.egg-info to /home/byunghyun/Downloads/cm1_ws/src/install/my_cm1_pkg/lib/python3.10/site-packages/my_cm1_pkg-0.0.0-py3.10.egg-info
[0.779s] running install_scripts
[0.872s] Installing camera_subscriber script to /home/byunghyun/Downloads/cm1_ws/src/install/my_cm1_pkg/lib/my_cm1_pkg
[0.872s] writing list of installed files to '/home/byunghyun/Downloads/cm1_ws/src/build/my_cm1_pkg/install.log'
[0.893s] Invoked command in '/home/byunghyun/Downloads/cm1_ws/src/my_cm1_pkg' returned '0': PYTHONPATH=/home/byunghyun/Downloads/cm1_ws/src/build/my_cm1_pkg/prefix_override:/home/byunghyun/Downloads/cm1_ws/src/install/my_cm1_pkg/lib/python3.10/site-packages:${PYTHONPATH} /usr/bin/python3 -W ignore:setup.py install is deprecated setup.py egg_info --egg-base ../build/my_cm1_pkg build --build-base /home/byunghyun/Downloads/cm1_ws/src/build/my_cm1_pkg/build install --record /home/byunghyun/Downloads/cm1_ws/src/build/my_cm1_pkg/install.log --single-version-externally-managed install_data
