[0.638s] Invoking command in '/home/byunghyun/Desktop/cm1_ws/src/my_cm1_pkg': PYTHONPATH=/home/byunghyun/Desktop/cm1_ws/src/build/my_cm1_pkg/prefix_override:/home/byunghyun/Desktop/cm1_ws/src/install/my_cm1_pkg/lib/python3.10/site-packages:${PYTHONPATH} /usr/bin/python3 -W ignore:setup.py install is deprecated setup.py egg_info --egg-base ../build/my_cm1_pkg build --build-base /home/byunghyun/Desktop/cm1_ws/src/build/my_cm1_pkg/build install --record /home/byunghyun/Desktop/cm1_ws/src/build/my_cm1_pkg/install.log --single-version-externally-managed install_data
[0.865s] running egg_info
[0.877s] writing ../build/my_cm1_pkg/my_cm1_pkg.egg-info/PKG-INFO
[0.886s] writing dependency_links to ../build/my_cm1_pkg/my_cm1_pkg.egg-info/dependency_links.txt
[0.886s] writing entry points to ../build/my_cm1_pkg/my_cm1_pkg.egg-info/entry_points.txt
[0.886s] writing requirements to ../build/my_cm1_pkg/my_cm1_pkg.egg-info/requires.txt
[0.886s] writing top-level names to ../build/my_cm1_pkg/my_cm1_pkg.egg-info/top_level.txt
[0.910s] reading manifest file '../build/my_cm1_pkg/my_cm1_pkg.egg-info/SOURCES.txt'
[0.910s] writing manifest file '../build/my_cm1_pkg/my_cm1_pkg.egg-info/SOURCES.txt'
[0.911s] running build
[0.911s] running build_py
[0.911s] copying my_cm1_pkg/camera_subscriber.py -> /home/byunghyun/Desktop/cm1_ws/src/build/my_cm1_pkg/build/lib/my_cm1_pkg
[0.911s] running install
[0.916s] running install_lib
[0.928s] running install_data
[0.928s] running install_egg_info
[0.942s] removing '/home/byunghyun/Desktop/cm1_ws/src/install/my_cm1_pkg/lib/python3.10/site-packages/my_cm1_pkg-0.0.0-py3.10.egg-info' (and everything under it)
[0.942s] Copying ../build/my_cm1_pkg/my_cm1_pkg.egg-info to /home/byunghyun/Desktop/cm1_ws/src/install/my_cm1_pkg/lib/python3.10/site-packages/my_cm1_pkg-0.0.0-py3.10.egg-info
[0.943s] running install_scripts
[1.047s] Installing camera_subscriber script to /home/byunghyun/Desktop/cm1_ws/src/install/my_cm1_pkg/lib/my_cm1_pkg
[1.047s] writing list of installed files to '/home/byunghyun/Desktop/cm1_ws/src/build/my_cm1_pkg/install.log'
[1.073s] Invoked command in '/home/byunghyun/Desktop/cm1_ws/src/my_cm1_pkg' returned '0': PYTHONPATH=/home/byunghyun/Desktop/cm1_ws/src/build/my_cm1_pkg/prefix_override:/home/byunghyun/Desktop/cm1_ws/src/install/my_cm1_pkg/lib/python3.10/site-packages:${PYTHONPATH} /usr/bin/python3 -W ignore:setup.py install is deprecated setup.py egg_info --egg-base ../build/my_cm1_pkg build --build-base /home/byunghyun/Desktop/cm1_ws/src/build/my_cm1_pkg/build install --record /home/byunghyun/Desktop/cm1_ws/src/build/my_cm1_pkg/install.log --single-version-externally-managed install_data
