[0.586s] Invoking command in '/home/byunghyun/Desktop/cm1_ws/src/my_cm1_pkg': PYTHONPATH=/home/byunghyun/Desktop/cm1_ws/src/build/my_cm1_pkg/prefix_override:/home/byunghyun/Desktop/cm1_ws/src/install/my_cm1_pkg/lib/python3.10/site-packages:${PYTHONPATH} /usr/bin/python3 -W ignore:setup.py install is deprecated setup.py egg_info --egg-base ../build/my_cm1_pkg build --build-base /home/byunghyun/Desktop/cm1_ws/src/build/my_cm1_pkg/build install --record /home/byunghyun/Desktop/cm1_ws/src/build/my_cm1_pkg/install.log --single-version-externally-managed install_data
[0.757s] running egg_info
[0.757s] creating ../build/my_cm1_pkg/my_cm1_pkg.egg-info
[0.767s] writing ../build/my_cm1_pkg/my_cm1_pkg.egg-info/PKG-INFO
[0.768s] writing dependency_links to ../build/my_cm1_pkg/my_cm1_pkg.egg-info/dependency_links.txt
[0.768s] writing entry points to ../build/my_cm1_pkg/my_cm1_pkg.egg-info/entry_points.txt
[0.768s] writing requirements to ../build/my_cm1_pkg/my_cm1_pkg.egg-info/requires.txt
[0.768s] writing top-level names to ../build/my_cm1_pkg/my_cm1_pkg.egg-info/top_level.txt
[0.768s] writing manifest file '../build/my_cm1_pkg/my_cm1_pkg.egg-info/SOURCES.txt'
[0.788s] reading manifest file '../build/my_cm1_pkg/my_cm1_pkg.egg-info/SOURCES.txt'
[0.788s] writing manifest file '../build/my_cm1_pkg/my_cm1_pkg.egg-info/SOURCES.txt'
[0.789s] running build
[0.789s] running build_py
[0.789s] creating /home/byunghyun/Desktop/cm1_ws/src/build/my_cm1_pkg/build
[0.789s] creating /home/byunghyun/Desktop/cm1_ws/src/build/my_cm1_pkg/build/lib
[0.789s] creating /home/byunghyun/Desktop/cm1_ws/src/build/my_cm1_pkg/build/lib/my_cm1_pkg
[0.789s] copying my_cm1_pkg/camera_subscriber.py -> /home/byunghyun/Desktop/cm1_ws/src/build/my_cm1_pkg/build/lib/my_cm1_pkg
[0.789s] copying my_cm1_pkg/__init__.py -> /home/byunghyun/Desktop/cm1_ws/src/build/my_cm1_pkg/build/lib/my_cm1_pkg
[0.789s] running install
[0.793s] running install_lib
[0.803s] creating /home/byunghyun/Desktop/cm1_ws/src/install/my_cm1_pkg/lib/python3.10/site-packages/my_cm1_pkg
[0.803s] copying /home/byunghyun/Desktop/cm1_ws/src/build/my_cm1_pkg/build/lib/my_cm1_pkg/camera_subscriber.py -> /home/byunghyun/Desktop/cm1_ws/src/install/my_cm1_pkg/lib/python3.10/site-packages/my_cm1_pkg
[0.803s] copying /home/byunghyun/Desktop/cm1_ws/src/build/my_cm1_pkg/build/lib/my_cm1_pkg/__init__.py -> /home/byunghyun/Desktop/cm1_ws/src/install/my_cm1_pkg/lib/python3.10/site-packages/my_cm1_pkg
[0.804s] byte-compiling /home/byunghyun/Desktop/cm1_ws/src/install/my_cm1_pkg/lib/python3.10/site-packages/my_cm1_pkg/camera_subscriber.py to camera_subscriber.cpython-310.pyc
[0.804s] byte-compiling /home/byunghyun/Desktop/cm1_ws/src/install/my_cm1_pkg/lib/python3.10/site-packages/my_cm1_pkg/__init__.py to __init__.cpython-310.pyc
[0.804s] running install_data
[0.804s] creating /home/byunghyun/Desktop/cm1_ws/src/install/my_cm1_pkg/share/ament_index
[0.805s] creating /home/byunghyun/Desktop/cm1_ws/src/install/my_cm1_pkg/share/ament_index/resource_index
[0.805s] creating /home/byunghyun/Desktop/cm1_ws/src/install/my_cm1_pkg/share/ament_index/resource_index/packages
[0.805s] copying resource/my_cm1_pkg -> /home/byunghyun/Desktop/cm1_ws/src/install/my_cm1_pkg/share/ament_index/resource_index/packages
[0.805s] copying package.xml -> /home/byunghyun/Desktop/cm1_ws/src/install/my_cm1_pkg/share/my_cm1_pkg
[0.805s] running install_egg_info
[0.816s] Copying ../build/my_cm1_pkg/my_cm1_pkg.egg-info to /home/byunghyun/Desktop/cm1_ws/src/install/my_cm1_pkg/lib/python3.10/site-packages/my_cm1_pkg-0.0.0-py3.10.egg-info
[0.817s] running install_scripts
[0.910s] Installing camera_subscriber script to /home/byunghyun/Desktop/cm1_ws/src/install/my_cm1_pkg/lib/my_cm1_pkg
[0.910s] writing list of installed files to '/home/byunghyun/Desktop/cm1_ws/src/build/my_cm1_pkg/install.log'
[0.934s] Invoked command in '/home/byunghyun/Desktop/cm1_ws/src/my_cm1_pkg' returned '0': PYTHONPATH=/home/byunghyun/Desktop/cm1_ws/src/build/my_cm1_pkg/prefix_override:/home/byunghyun/Desktop/cm1_ws/src/install/my_cm1_pkg/lib/python3.10/site-packages:${PYTHONPATH} /usr/bin/python3 -W ignore:setup.py install is deprecated setup.py egg_info --egg-base ../build/my_cm1_pkg build --build-base /home/byunghyun/Desktop/cm1_ws/src/build/my_cm1_pkg/build install --record /home/byunghyun/Desktop/cm1_ws/src/build/my_cm1_pkg/install.log --single-version-externally-managed install_data
