[0.661s] Invoking command in '/home/byunghyun/Desktop/cm1_ws/src/my_cm1_pkg': PYTHONPATH=/home/byunghyun/Desktop/cm1_ws/src/build/my_cm1_pkg/prefix_override:/home/byunghyun/Desktop/cm1_ws/src/install/my_cm1_pkg/lib/python3.10/site-packages:${PYTHONPATH} /usr/bin/python3 -W ignore:setup.py install is deprecated setup.py egg_info --egg-base ../build/my_cm1_pkg build --build-base /home/byunghyun/Desktop/cm1_ws/src/build/my_cm1_pkg/build install --record /home/byunghyun/Desktop/cm1_ws/src/build/my_cm1_pkg/install.log --single-version-externally-managed install_data
[0.881s] running egg_info
[0.894s] writing ../build/my_cm1_pkg/my_cm1_pkg.egg-info/PKG-INFO
[0.894s] writing dependency_links to ../build/my_cm1_pkg/my_cm1_pkg.egg-info/dependency_links.txt
[0.894s] writing entry points to ../build/my_cm1_pkg/my_cm1_pkg.egg-info/entry_points.txt
[0.894s] writing requirements to ../build/my_cm1_pkg/my_cm1_pkg.egg-info/requires.txt
[0.894s] writing top-level names to ../build/my_cm1_pkg/my_cm1_pkg.egg-info/top_level.txt
[0.920s] reading manifest file '../build/my_cm1_pkg/my_cm1_pkg.egg-info/SOURCES.txt'
[0.921s] writing manifest file '../build/my_cm1_pkg/my_cm1_pkg.egg-info/SOURCES.txt'
[0.921s] running build
[0.921s] running build_py
[0.921s] copying my_cm1_pkg/camera_subscriber.py -> /home/byunghyun/Desktop/cm1_ws/src/build/my_cm1_pkg/build/lib/my_cm1_pkg
[0.921s] running install
[0.926s] running install_lib
[0.939s] copying /home/byunghyun/Desktop/cm1_ws/src/build/my_cm1_pkg/build/lib/my_cm1_pkg/camera_subscriber.py -> /home/byunghyun/Desktop/cm1_ws/src/install/my_cm1_pkg/lib/python3.10/site-packages/my_cm1_pkg
[0.940s] byte-compiling /home/byunghyun/Desktop/cm1_ws/src/install/my_cm1_pkg/lib/python3.10/site-packages/my_cm1_pkg/camera_subscriber.py to camera_subscriber.cpython-310.pyc
[0.941s] running install_data
[0.941s] running install_egg_info
[0.955s] removing '/home/byunghyun/Desktop/cm1_ws/src/install/my_cm1_pkg/lib/python3.10/site-packages/my_cm1_pkg-0.0.0-py3.10.egg-info' (and everything under it)
[0.956s] Copying ../build/my_cm1_pkg/my_cm1_pkg.egg-info to /home/byunghyun/Desktop/cm1_ws/src/install/my_cm1_pkg/lib/python3.10/site-packages/my_cm1_pkg-0.0.0-py3.10.egg-info
[0.956s] running install_scripts
[1.067s] Installing camera_subscriber script to /home/byunghyun/Desktop/cm1_ws/src/install/my_cm1_pkg/lib/my_cm1_pkg
[1.067s] writing list of installed files to '/home/byunghyun/Desktop/cm1_ws/src/build/my_cm1_pkg/install.log'
[1.093s] Invoked command in '/home/byunghyun/Desktop/cm1_ws/src/my_cm1_pkg' returned '0': PYTHONPATH=/home/byunghyun/Desktop/cm1_ws/src/build/my_cm1_pkg/prefix_override:/home/byunghyun/Desktop/cm1_ws/src/install/my_cm1_pkg/lib/python3.10/site-packages:${PYTHONPATH} /usr/bin/python3 -W ignore:setup.py install is deprecated setup.py egg_info --egg-base ../build/my_cm1_pkg build --build-base /home/byunghyun/Desktop/cm1_ws/src/build/my_cm1_pkg/build install --record /home/byunghyun/Desktop/cm1_ws/src/build/my_cm1_pkg/install.log --single-version-externally-managed install_data
